<?xml version="1.0" encoding="UTF-8"?>
<!-- Generated by org.testng.reporters.JUnitXMLReporter -->
<testsuite hostname="Amit-PC" ignored="2" name="Default test" tests="1" failures="0" timestamp="23 Feb 2019 09:02:15 GMT" time="21.481" errors="0">
  <testcase name="loginPageTitleTest" time="0.148" classname="com.crm.qa.testcases.LoginPageTest"/>
  <testcase name="crmLogoImageTest" time="0.0" classname="com.crm.qa.testcases.LoginPageTest">
    <ignored/>
  </testcase> <!-- crmLogoImageTest -->
  <testcase name="loginTest" time="0.0" classname="com.crm.qa.testcases.LoginPageTest">
    <ignored/>
  </testcase> <!-- loginTest -->
</testsuite> <!-- Default test -->
