<?xml version="1.0" encoding="UTF-8"?>
<testng-results skipped="0" failed="0" ignored="2" total="3" passed="1">
  <reporter-output>
  </reporter-output>
  <suite name="Default suite" duration-ms="21481" started-at="2019-02-23T09:01:54Z" finished-at="2019-02-23T09:02:15Z">
    <groups>
    </groups>
    <test name="Default test" duration-ms="21481" started-at="2019-02-23T09:01:54Z" finished-at="2019-02-23T09:02:15Z">
      <class name="com.crm.qa.testcases.LoginPageTest">
        <test-method status="PASS" signature="setUp()[pri:0, instance:com.crm.qa.testcases.LoginPageTest@1ec2012]" name="setUp" is-config="true" duration-ms="19597" started-at="2019-02-23T14:31:54Z" finished-at="2019-02-23T14:32:13Z">
          <reporter-output>
          </reporter-output>
        </test-method> <!-- setUp -->
        <test-method status="PASS" signature="loginPageTitleTest()[pri:1, instance:com.crm.qa.testcases.LoginPageTest@1ec2012]" name="loginPageTitleTest" duration-ms="148" started-at="2019-02-23T14:32:13Z" finished-at="2019-02-23T14:32:14Z">
          <reporter-output>
          </reporter-output>
        </test-method> <!-- loginPageTitleTest -->
        <test-method status="PASS" signature="tearDown()[pri:0, instance:com.crm.qa.testcases.LoginPageTest@1ec2012]" name="tearDown" is-config="true" duration-ms="1635" started-at="2019-02-23T14:32:14Z" finished-at="2019-02-23T14:32:15Z">
          <reporter-output>
          </reporter-output>
        </test-method> <!-- tearDown -->
      </class> <!-- com.crm.qa.testcases.LoginPageTest -->
    </test> <!-- Default test -->
  </suite> <!-- Default suite -->
</testng-results>
